#! /opt/homebrew/Cellar/icarus-verilog/12.0/bin/vvp
:ivl_version "12.0 (stable)";
:ivl_delay_selection "TYPICAL";
:vpi_time_precision - 12;
:vpi_module "/opt/homebrew/Cellar/icarus-verilog/12.0/lib/ivl/system.vpi";
:vpi_module "/opt/homebrew/Cellar/icarus-verilog/12.0/lib/ivl/vhdl_sys.vpi";
:vpi_module "/opt/homebrew/Cellar/icarus-verilog/12.0/lib/ivl/vhdl_textio.vpi";
:vpi_module "/opt/homebrew/Cellar/icarus-verilog/12.0/lib/ivl/v2005_math.vpi";
:vpi_module "/opt/homebrew/Cellar/icarus-verilog/12.0/lib/ivl/va_math.vpi";
:vpi_module "/opt/homebrew/Cellar/icarus-verilog/12.0/lib/ivl/v2009.vpi";
S_0x152e0eb50 .scope package, "$unit" "$unit" 2 1;
 .timescale 0 0;
S_0x152e04b80 .scope module, "image_sprite_tb" "image_sprite_tb" 3 4;
 .timescale -9 -12;
v0x60000374ccf0_0 .net "blue_out", 7 0, L_0x600003448c80;  1 drivers
v0x60000374cd80_0 .net "green_out", 7 0, L_0x600003448b40;  1 drivers
v0x60000374ce10_0 .var "hcount_in", 10 0;
v0x60000374cea0_0 .var "pixel_clk_in", 0 0;
v0x60000374cf30_0 .net "red_out", 7 0, L_0x600003448a00;  1 drivers
v0x60000374cfc0_0 .var "rst_in", 0 0;
S_0x152e04cf0 .scope module, "uut" "image_sprite" 3 14, 4 10 0, S_0x152e04b80;
 .timescale -9 -12;
    .port_info 0 /INPUT 1 "pixel_clk_in";
    .port_info 1 /INPUT 1 "rst_in";
    .port_info 2 /INPUT 11 "x_in";
    .port_info 3 /INPUT 11 "hcount_in";
    .port_info 4 /INPUT 10 "y_in";
    .port_info 5 /INPUT 10 "vcount_in";
    .port_info 6 /OUTPUT 8 "red_out";
    .port_info 7 /OUTPUT 8 "green_out";
    .port_info 8 /OUTPUT 8 "blue_out";
P_0x600002b49800 .param/l "HEIGHT" 0 4 11, +C4<00000000000000000000000100000000>;
P_0x600002b49840 .param/l "WIDTH" 0 4 11, +C4<00000000000000000000000100000000>;
L_0x600002e49340 .functor AND 1, L_0x600003448500, L_0x6000034486e0, C4<1>, C4<1>;
L_0x600002e49110 .functor AND 1, L_0x600003448780, L_0x6000034488c0, C4<1>, C4<1>;
L_0x600002e490a0 .functor AND 1, L_0x600002e49340, L_0x600002e49110, C4<1>, C4<1>;
v0x60000374b3c0_0 .net *"_ivl_0", 31 0, L_0x600003448280;  1 drivers
L_0x1580785b0 .functor BUFT 1, C4<00000000000000000000000101111100>, C4<0>, C4<0>, C4<0>;
v0x60000374b450_0 .net *"_ivl_10", 31 0, L_0x1580785b0;  1 drivers
L_0x1580785f8 .functor BUFT 1, C4<00000000000000000000000100000000>, C4<0>, C4<0>, C4<0>;
v0x60000374b4e0_0 .net *"_ivl_14", 31 0, L_0x1580785f8;  1 drivers
v0x60000374b570_0 .net *"_ivl_18", 31 0, L_0x600003448140;  1 drivers
L_0x158078058 .functor BUFT 1, C4<00000000000000000000000100000000>, C4<0>, C4<0>, C4<0>;
v0x60000374b600_0 .net/2u *"_ivl_20", 31 0, L_0x158078058;  1 drivers
v0x60000374b690_0 .net *"_ivl_23", 31 0, L_0x600003448320;  1 drivers
v0x60000374b720_0 .net *"_ivl_24", 31 0, L_0x6000034483c0;  1 drivers
v0x60000374b7b0_0 .net *"_ivl_28", 0 0, L_0x600003448500;  1 drivers
L_0x158078010 .functor BUFT 1, C4<000000000000000000000>, C4<0>, C4<0>, C4<0>;
v0x60000374b840_0 .net *"_ivl_3", 20 0, L_0x158078010;  1 drivers
v0x60000374b8d0_0 .net *"_ivl_30", 31 0, L_0x6000034485a0;  1 drivers
L_0x1580780a0 .functor BUFT 1, C4<000000000000000000000>, C4<0>, C4<0>, C4<0>;
v0x60000374b960_0 .net *"_ivl_33", 20 0, L_0x1580780a0;  1 drivers
L_0x158078640 .functor BUFT 1, C4<00000000000000000000000100000000>, C4<0>, C4<0>, C4<0>;
v0x60000374b9f0_0 .net *"_ivl_34", 31 0, L_0x158078640;  1 drivers
L_0x1580780e8 .functor BUFT 1, C4<00000000000000000000000100000000>, C4<0>, C4<0>, C4<0>;
v0x60000374ba80_0 .net/2u *"_ivl_38", 31 0, L_0x1580780e8;  1 drivers
L_0x158078568 .functor BUFT 1, C4<00000000000000000000000100000000>, C4<0>, C4<0>, C4<0>;
v0x60000374bb10_0 .net *"_ivl_4", 31 0, L_0x158078568;  1 drivers
v0x60000374bba0_0 .net *"_ivl_40", 31 0, L_0x600003448640;  1 drivers
v0x60000374bc30_0 .net *"_ivl_42", 0 0, L_0x6000034486e0;  1 drivers
v0x60000374bcc0_0 .net *"_ivl_45", 0 0, L_0x600002e49340;  1 drivers
v0x60000374bd50_0 .net *"_ivl_46", 0 0, L_0x600003448780;  1 drivers
L_0x158078688 .functor BUFT 1, C4<00000000000000000000000101111100>, C4<0>, C4<0>, C4<0>;
v0x60000374bde0_0 .net *"_ivl_48", 31 0, L_0x158078688;  1 drivers
L_0x1580786d0 .functor BUFT 1, C4<00000000000000000000000100000000>, C4<0>, C4<0>, C4<0>;
v0x60000374be70_0 .net *"_ivl_52", 31 0, L_0x1580786d0;  1 drivers
L_0x158078130 .functor BUFT 1, C4<00000000000000000000000100000000>, C4<0>, C4<0>, C4<0>;
v0x60000374bf00_0 .net/2u *"_ivl_56", 31 0, L_0x158078130;  1 drivers
v0x60000374c000_0 .net *"_ivl_58", 31 0, L_0x600003448820;  1 drivers
v0x60000374c090_0 .net *"_ivl_60", 0 0, L_0x6000034488c0;  1 drivers
v0x60000374c120_0 .net *"_ivl_63", 0 0, L_0x600002e49110;  1 drivers
v0x60000374c1b0_0 .net *"_ivl_67", 7 0, L_0x600003448960;  1 drivers
L_0x158078178 .functor BUFT 1, C4<00000000>, C4<0>, C4<0>, C4<0>;
v0x60000374c240_0 .net/2u *"_ivl_68", 7 0, L_0x158078178;  1 drivers
v0x60000374c2d0_0 .net *"_ivl_73", 7 0, L_0x600003448aa0;  1 drivers
L_0x1580781c0 .functor BUFT 1, C4<00000000>, C4<0>, C4<0>, C4<0>;
v0x60000374c360_0 .net/2u *"_ivl_74", 7 0, L_0x1580781c0;  1 drivers
v0x60000374c3f0_0 .net *"_ivl_79", 7 0, L_0x600003448be0;  1 drivers
v0x60000374c480_0 .net *"_ivl_8", 31 0, L_0x6000034481e0;  1 drivers
L_0x158078208 .functor BUFT 1, C4<00000000>, C4<0>, C4<0>, C4<0>;
v0x60000374c510_0 .net/2u *"_ivl_80", 7 0, L_0x158078208;  1 drivers
v0x60000374c5a0_0 .net "blue_out", 7 0, L_0x600003448c80;  alias, 1 drivers
v0x60000374c630_0 .net "green_out", 7 0, L_0x600003448b40;  alias, 1 drivers
v0x60000374c6c0_0 .net "hcount_in", 10 0, v0x60000374ce10_0;  1 drivers
v0x60000374c750_0 .net "image_addr", 15 0, L_0x600003448460;  1 drivers
v0x60000374c7e0_0 .net "image_data", 7 0, L_0x600002e492d0;  1 drivers
v0x60000374c870_0 .net "in_sprite", 0 0, L_0x600002e490a0;  1 drivers
v0x60000374c900_0 .net "palette_data", 23 0, v0x60000374ad90_0;  1 drivers
v0x60000374c990_0 .net "pixel_clk_in", 0 0, v0x60000374cea0_0;  1 drivers
v0x60000374ca20_0 .net "red_out", 7 0, L_0x600003448a00;  alias, 1 drivers
v0x60000374cab0_0 .net "rst_in", 0 0, v0x60000374cfc0_0;  1 drivers
L_0x158078520 .functor BUFT 1, C4<0101111100>, C4<0>, C4<0>, C4<0>;
v0x60000374cb40_0 .net "vcount_in", 9 0, L_0x158078520;  1 drivers
L_0x158078490 .functor BUFT 1, C4<00100000000>, C4<0>, C4<0>, C4<0>;
v0x60000374cbd0_0 .net "x_in", 10 0, L_0x158078490;  1 drivers
L_0x1580784d8 .functor BUFT 1, C4<0100000000>, C4<0>, C4<0>, C4<0>;
v0x60000374cc60_0 .net "y_in", 9 0, L_0x1580784d8;  1 drivers
L_0x600003448280 .concat [ 11 21 0 0], v0x60000374ce10_0, L_0x158078010;
L_0x6000034481e0 .arith/sub 32, L_0x600003448280, L_0x158078568;
L_0x600003448140 .arith/sub 32, L_0x1580785b0, L_0x1580785f8;
L_0x600003448320 .arith/mult 32, L_0x600003448140, L_0x158078058;
L_0x6000034483c0 .arith/sum 32, L_0x6000034481e0, L_0x600003448320;
L_0x600003448460 .part L_0x6000034483c0, 0, 16;
L_0x600003448500 .cmp/ge 11, v0x60000374ce10_0, L_0x158078490;
L_0x6000034485a0 .concat [ 11 21 0 0], v0x60000374ce10_0, L_0x1580780a0;
L_0x600003448640 .arith/sum 32, L_0x158078640, L_0x1580780e8;
L_0x6000034486e0 .cmp/gt 32, L_0x600003448640, L_0x6000034485a0;
L_0x600003448780 .cmp/ge 10, L_0x158078520, L_0x1580784d8;
L_0x600003448820 .arith/sum 32, L_0x1580786d0, L_0x158078130;
L_0x6000034488c0 .cmp/gt 32, L_0x600003448820, L_0x158078688;
L_0x600003448960 .part v0x60000374ad90_0, 16, 8;
L_0x600003448a00 .functor MUXZ 8, L_0x158078178, L_0x600003448960, L_0x600002e490a0, C4<>;
L_0x600003448aa0 .part v0x60000374ad90_0, 8, 8;
L_0x600003448b40 .functor MUXZ 8, L_0x1580781c0, L_0x600003448aa0, L_0x600002e490a0, C4<>;
L_0x600003448be0 .part v0x60000374ad90_0, 0, 8;
L_0x600003448c80 .functor MUXZ 8, L_0x158078208, L_0x600003448be0, L_0x600002e490a0, C4<>;
S_0x152e0f6e0 .scope module, "image_rom" "xilinx_single_port_ram_read_first" 4 47, 5 10 0, S_0x152e04cf0;
 .timescale -9 -12;
    .port_info 0 /INPUT 16 "addra";
    .port_info 1 /INPUT 8 "dina";
    .port_info 2 /INPUT 1 "clka";
    .port_info 3 /INPUT 1 "wea";
    .port_info 4 /INPUT 1 "ena";
    .port_info 5 /INPUT 1 "rsta";
    .port_info 6 /INPUT 1 "regcea";
    .port_info 7 /OUTPUT 8 "douta";
P_0x600003948200 .param/str "INIT_FILE" 0 5 14, "data/image.mem";
P_0x600003948240 .param/l "RAM_DEPTH" 0 5 12, +C4<0000000000000000000000000000000000000000000000010000000000000000>;
P_0x600003948280 .param/str "RAM_PERFORMANCE" 0 5 13, "HIGH_PERFORMANCE";
P_0x6000039482c0 .param/l "RAM_WIDTH" 0 5 11, +C4<00000000000000000000000000001000>;
v0x600003748a20 .array "BRAM", 0 65535, 7 0;
v0x600003748900_0 .net "addra", 15 0, L_0x600003448460;  alias, 1 drivers
v0x6000037486c0_0 .net "clka", 0 0, v0x60000374cea0_0;  alias, 1 drivers
L_0x158078250 .functor BUFT 1, C4<00000000>, C4<0>, C4<0>, C4<0>;
v0x6000037495f0_0 .net "dina", 7 0, L_0x158078250;  1 drivers
v0x60000374a910_0 .net "douta", 7 0, L_0x600002e492d0;  alias, 1 drivers
L_0x1580782e0 .functor BUFT 1, C4<1>, C4<0>, C4<0>, C4<0>;
v0x60000374a9a0_0 .net "ena", 0 0, L_0x1580782e0;  1 drivers
v0x60000374aa30_0 .var "ram_data", 7 0;
L_0x158078328 .functor BUFT 1, C4<1>, C4<0>, C4<0>, C4<0>;
v0x60000374aac0_0 .net "regcea", 0 0, L_0x158078328;  1 drivers
v0x60000374ab50_0 .net "rsta", 0 0, v0x60000374cfc0_0;  alias, 1 drivers
L_0x158078298 .functor BUFT 1, C4<0>, C4<0>, C4<0>, C4<0>;
v0x60000374abe0_0 .net "wea", 0 0, L_0x158078298;  1 drivers
S_0x152e0f850 .scope function.vec4.u32, "clogb2" "clogb2" 5 74, 5 74 0, S_0x152e0f6e0;
 .timescale -9 -12;
; Variable clogb2 is vec4 return value of scope S_0x152e0f850
v0x600003749560_0 .var/i "depth", 31 0;
TD_image_sprite_tb.uut.image_rom.clogb2 ;
    %pushi/vec4 0, 0, 32;
    %ret/vec4 0, 0, 32;  Assign to clogb2 (store_vec4_to_lval)
T_0.0 ;
    %load/vec4 v0x600003749560_0;
    %cmpi/s 0, 0, 32;
    %flag_or 5, 4; GT is !LE
    %flag_inv 5;
    %jmp/0xz T_0.1, 5;
    %load/vec4 v0x600003749560_0;
    %ix/load 4, 1, 0;
    %flag_set/imm 4, 0;
    %shiftr 4;
    %store/vec4 v0x600003749560_0, 0, 32;
    %retload/vec4 0; Load clogb2 (draw_signal_vec4)
    %addi 1, 0, 32;
    %ret/vec4 0, 0, 32;  Assign to clogb2 (store_vec4_to_lval)
    %jmp T_0.0;
T_0.1 ;
    %end;
S_0x152e0f9c0 .scope generate, "output_register" "output_register" 5 51, 5 51 0, S_0x152e0f6e0;
 .timescale -9 -12;
L_0x600002e492d0 .functor BUFZ 8, v0x6000037490e0_0, C4<00000000>, C4<00000000>, C4<00000000>;
v0x6000037490e0_0 .var "douta_reg", 7 0;
E_0x60000104cdc0 .event posedge, v0x6000037486c0_0;
S_0x152e0fb30 .scope generate, "use_init_file" "use_init_file" 5 31, 5 31 0, S_0x152e0f6e0;
 .timescale -9 -12;
S_0x152e0fca0 .scope module, "palette_rom" "xilinx_single_port_ram_read_first" 4 63, 5 10 0, S_0x152e04cf0;
 .timescale -9 -12;
    .port_info 0 /INPUT 8 "addra";
    .port_info 1 /INPUT 24 "dina";
    .port_info 2 /INPUT 1 "clka";
    .port_info 3 /INPUT 1 "wea";
    .port_info 4 /INPUT 1 "ena";
    .port_info 5 /INPUT 1 "rsta";
    .port_info 6 /INPUT 1 "regcea";
    .port_info 7 /OUTPUT 24 "douta";
P_0x600003948000 .param/str "INIT_FILE" 0 5 14, "data/palette.mem";
P_0x600003948040 .param/l "RAM_DEPTH" 0 5 12, +C4<00000000000000000000000100000000>;
P_0x600003948080 .param/str "RAM_PERFORMANCE" 0 5 13, "HIGH_PERFORMANCE";
P_0x6000039480c0 .param/l "RAM_WIDTH" 0 5 11, +C4<00000000000000000000000000011000>;
v0x60000374ae20 .array "BRAM", 0 255, 23 0;
v0x60000374aeb0_0 .net "addra", 7 0, L_0x600002e492d0;  alias, 1 drivers
v0x60000374af40_0 .net "clka", 0 0, v0x60000374cea0_0;  alias, 1 drivers
L_0x158078370 .functor BUFT 1, C4<000000000000000000000000>, C4<0>, C4<0>, C4<0>;
v0x60000374afd0_0 .net "dina", 23 0, L_0x158078370;  1 drivers
v0x60000374b060_0 .net "douta", 23 0, v0x60000374ad90_0;  alias, 1 drivers
L_0x158078400 .functor BUFT 1, C4<1>, C4<0>, C4<0>, C4<0>;
v0x60000374b0f0_0 .net "ena", 0 0, L_0x158078400;  1 drivers
v0x60000374b180_0 .var "ram_data", 23 0;
L_0x158078448 .functor BUFT 1, C4<1>, C4<0>, C4<0>, C4<0>;
v0x60000374b210_0 .net "regcea", 0 0, L_0x158078448;  1 drivers
v0x60000374b2a0_0 .net "rsta", 0 0, v0x60000374cfc0_0;  alias, 1 drivers
L_0x1580783b8 .functor BUFT 1, C4<0>, C4<0>, C4<0>, C4<0>;
v0x60000374b330_0 .net "wea", 0 0, L_0x1580783b8;  1 drivers
S_0x152e0fe10 .scope function.vec4.u32, "clogb2" "clogb2" 5 74, 5 74 0, S_0x152e0fca0;
 .timescale -9 -12;
; Variable clogb2 is vec4 return value of scope S_0x152e0fe10
v0x60000374ad00_0 .var/i "depth", 31 0;
TD_image_sprite_tb.uut.palette_rom.clogb2 ;
    %pushi/vec4 0, 0, 32;
    %ret/vec4 0, 0, 32;  Assign to clogb2 (store_vec4_to_lval)
T_1.2 ;
    %load/vec4 v0x60000374ad00_0;
    %cmpi/s 0, 0, 32;
    %flag_or 5, 4; GT is !LE
    %flag_inv 5;
    %jmp/0xz T_1.3, 5;
    %load/vec4 v0x60000374ad00_0;
    %ix/load 4, 1, 0;
    %flag_set/imm 4, 0;
    %shiftr 4;
    %store/vec4 v0x60000374ad00_0, 0, 32;
    %retload/vec4 0; Load clogb2 (draw_signal_vec4)
    %addi 1, 0, 32;
    %ret/vec4 0, 0, 32;  Assign to clogb2 (store_vec4_to_lval)
    %jmp T_1.2;
T_1.3 ;
    %end;
S_0x152e0eea0 .scope generate, "output_register" "output_register" 5 51, 5 51 0, S_0x152e0fca0;
 .timescale -9 -12;
v0x60000374ad90_0 .var "douta_reg", 23 0;
S_0x152e0f010 .scope generate, "use_init_file" "use_init_file" 5 31, 5 31 0, S_0x152e0fca0;
 .timescale -9 -12;
    .scope S_0x152e0fb30;
T_2 ;
    %vpi_call/w 5 33 "$readmemh", P_0x600003948200, v0x600003748a20, 32'sb00000000000000000000000000000000, 64'sb0000000000000000000000000000000000000000000000001111111111111111 {0 0 0};
    %end;
    .thread T_2;
    .scope S_0x152e0f9c0;
T_3 ;
    %pushi/vec4 0, 0, 8;
    %store/vec4 v0x6000037490e0_0, 0, 8;
    %end;
    .thread T_3, $init;
    .scope S_0x152e0f9c0;
T_4 ;
    %wait E_0x60000104cdc0;
    %load/vec4 v0x60000374ab50_0;
    %flag_set/vec4 8;
    %jmp/0xz  T_4.0, 8;
    %pushi/vec4 0, 0, 8;
    %assign/vec4 v0x6000037490e0_0, 0;
    %jmp T_4.1;
T_4.0 ;
    %load/vec4 v0x60000374aac0_0;
    %flag_set/vec4 8;
    %jmp/0xz  T_4.2, 8;
    %load/vec4 v0x60000374aa30_0;
    %assign/vec4 v0x6000037490e0_0, 0;
T_4.2 ;
T_4.1 ;
    %jmp T_4;
    .thread T_4;
    .scope S_0x152e0f6e0;
T_5 ;
    %pushi/vec4 0, 0, 8;
    %store/vec4 v0x60000374aa30_0, 0, 8;
    %end;
    .thread T_5, $init;
    .scope S_0x152e0f6e0;
T_6 ;
    %wait E_0x60000104cdc0;
    %load/vec4 v0x60000374a9a0_0;
    %flag_set/vec4 8;
    %jmp/0xz  T_6.0, 8;
    %load/vec4 v0x60000374abe0_0;
    %flag_set/vec4 8;
    %jmp/0xz  T_6.2, 8;
    %load/vec4 v0x6000037495f0_0;
    %load/vec4 v0x600003748900_0;
    %pad/u 18;
    %ix/vec4 3;
    %ix/load 4, 0, 0; Constant delay
    %assign/vec4/a/d v0x600003748a20, 0, 4;
T_6.2 ;
    %load/vec4 v0x600003748900_0;
    %pad/u 18;
    %ix/vec4 4;
    %load/vec4a v0x600003748a20, 4;
    %assign/vec4 v0x60000374aa30_0, 0;
T_6.0 ;
    %jmp T_6;
    .thread T_6;
    .scope S_0x152e0f010;
T_7 ;
    %vpi_call/w 5 33 "$readmemh", P_0x600003948000, v0x60000374ae20, 32'sb00000000000000000000000000000000, 32'sb00000000000000000000000011111111 {0 0 0};
    %end;
    .thread T_7;
    .scope S_0x152e0eea0;
T_8 ;
    %pushi/vec4 0, 0, 24;
    %store/vec4 v0x60000374ad90_0, 0, 24;
    %end;
    .thread T_8, $init;
    .scope S_0x152e0eea0;
T_9 ;
    %wait E_0x60000104cdc0;
    %load/vec4 v0x60000374b2a0_0;
    %flag_set/vec4 8;
    %jmp/0xz  T_9.0, 8;
    %pushi/vec4 0, 0, 24;
    %assign/vec4 v0x60000374ad90_0, 0;
    %jmp T_9.1;
T_9.0 ;
    %load/vec4 v0x60000374b210_0;
    %flag_set/vec4 8;
    %jmp/0xz  T_9.2, 8;
    %load/vec4 v0x60000374b180_0;
    %assign/vec4 v0x60000374ad90_0, 0;
T_9.2 ;
T_9.1 ;
    %jmp T_9;
    .thread T_9;
    .scope S_0x152e0fca0;
T_10 ;
    %pushi/vec4 0, 0, 24;
    %store/vec4 v0x60000374b180_0, 0, 24;
    %end;
    .thread T_10, $init;
    .scope S_0x152e0fca0;
T_11 ;
    %wait E_0x60000104cdc0;
    %load/vec4 v0x60000374b0f0_0;
    %flag_set/vec4 8;
    %jmp/0xz  T_11.0, 8;
    %load/vec4 v0x60000374b330_0;
    %flag_set/vec4 8;
    %jmp/0xz  T_11.2, 8;
    %load/vec4 v0x60000374afd0_0;
    %load/vec4 v0x60000374aeb0_0;
    %pad/u 10;
    %ix/vec4 3;
    %ix/load 4, 0, 0; Constant delay
    %assign/vec4/a/d v0x60000374ae20, 0, 4;
T_11.2 ;
    %load/vec4 v0x60000374aeb0_0;
    %pad/u 10;
    %ix/vec4 4;
    %load/vec4a v0x60000374ae20, 4;
    %assign/vec4 v0x60000374b180_0, 0;
T_11.0 ;
    %jmp T_11;
    .thread T_11;
    .scope S_0x152e04b80;
T_12 ;
    %delay 5000, 0;
    %load/vec4 v0x60000374cea0_0;
    %nor/r;
    %store/vec4 v0x60000374cea0_0, 0, 1;
    %jmp T_12;
    .thread T_12;
    .scope S_0x152e04b80;
T_13 ;
    %vpi_call/w 3 32 "$dumpfile", "image_sprite.vcd" {0 0 0};
    %vpi_call/w 3 33 "$dumpvars", 32'sb00000000000000000000000000000000, S_0x152e04b80 {0 0 0};
    %vpi_call/w 3 34 "$display", "Starting Sim" {0 0 0};
    %pushi/vec4 0, 0, 1;
    %store/vec4 v0x60000374cea0_0, 0, 1;
    %pushi/vec4 0, 0, 1;
    %store/vec4 v0x60000374cfc0_0, 0, 1;
    %pushi/vec4 0, 0, 11;
    %store/vec4 v0x60000374ce10_0, 0, 11;
    %delay 10000, 0;
    %pushi/vec4 1, 0, 1;
    %store/vec4 v0x60000374cfc0_0, 0, 1;
    %delay 10000, 0;
    %pushi/vec4 0, 0, 1;
    %store/vec4 v0x60000374cfc0_0, 0, 1;
    %delay 10000, 0;
    %pushi/vec4 0, 0, 11;
    %store/vec4 v0x60000374ce10_0, 0, 11;
T_13.0 ;
    %load/vec4 v0x60000374ce10_0;
    %pad/u 32;
    %cmpi/u 1025, 0, 32;
    %jmp/0xz T_13.1, 5;
    %delay 10000, 0;
    %load/vec4 v0x60000374ce10_0;
    %addi 1, 0, 11;
    %store/vec4 v0x60000374ce10_0, 0, 11;
    %jmp T_13.0;
T_13.1 ;
    %delay 100000, 0;
    %vpi_call/w 3 47 "$display", "Finishing Sim" {0 0 0};
    %vpi_call/w 3 48 "$finish" {0 0 0};
    %end;
    .thread T_13;
# The file index is used to find the file name in the following table.
:file_names 6;
    "N/A";
    "<interactive>";
    "-";
    "sim/image_sprite_tb.sv";
    "hdl/image_sprite.sv";
    "hdl/xilinx_single_port_ram_read_first.v.sv";
