#! /opt/homebrew/Cellar/icarus-verilog/12.0/bin/vvp
:ivl_version "12.0 (stable)";
:ivl_delay_selection "TYPICAL";
:vpi_time_precision - 12;
:vpi_module "/opt/homebrew/Cellar/icarus-verilog/12.0/lib/ivl/system.vpi";
:vpi_module "/opt/homebrew/Cellar/icarus-verilog/12.0/lib/ivl/vhdl_sys.vpi";
:vpi_module "/opt/homebrew/Cellar/icarus-verilog/12.0/lib/ivl/vhdl_textio.vpi";
:vpi_module "/opt/homebrew/Cellar/icarus-verilog/12.0/lib/ivl/v2005_math.vpi";
:vpi_module "/opt/homebrew/Cellar/icarus-verilog/12.0/lib/ivl/va_math.vpi";
:vpi_module "/opt/homebrew/Cellar/icarus-verilog/12.0/lib/ivl/v2009.vpi";
S_0x126606250 .scope package, "$unit" "$unit" 2 1;
 .timescale 0 0;
S_0x1266063c0 .scope module, "scale_tb" "scale_tb" 3 4;
 .timescale -9 -12;
v0x126622e90_0 .var "clk", 0 0;
v0x126622f20_0 .var "hcount_in", 10 0;
v0x126622fc0_0 .var "rst", 0 0;
v0x126623070_0 .var "scale_in", 1 0;
v0x126623120_0 .net "scaled_hcount_out", 10 0, v0x126622b00_0;  1 drivers
v0x1266231f0_0 .net "scaled_vcount_out", 9 0, v0x126622bc0_0;  1 drivers
v0x1266232a0_0 .net "valid_addr_out", 0 0, v0x126622c70_0;  1 drivers
v0x126623350_0 .var "vcount_in", 9 0;
S_0x12660a490 .scope module, "uut" "scale" 3 15, 4 4 0, S_0x1266063c0;
 .timescale -9 -12;
    .port_info 0 /INPUT 2 "scale_in";
    .port_info 1 /INPUT 11 "hcount_in";
    .port_info 2 /INPUT 10 "vcount_in";
    .port_info 3 /OUTPUT 11 "scaled_hcount_out";
    .port_info 4 /OUTPUT 10 "scaled_vcount_out";
    .port_info 5 /OUTPUT 1 "valid_addr_out";
v0x12660a600_0 .net "hcount_in", 10 0, v0x126622f20_0;  1 drivers
v0x126622a50_0 .net "scale_in", 1 0, v0x126623070_0;  1 drivers
v0x126622b00_0 .var "scaled_hcount_out", 10 0;
v0x126622bc0_0 .var "scaled_vcount_out", 9 0;
v0x126622c70_0 .var "valid_addr_out", 0 0;
v0x126622d50_0 .net "vcount_in", 9 0, v0x126623350_0;  1 drivers
E_0x126607d40 .event anyedge, v0x12660a600_0, v0x126622d50_0, v0x126622a50_0;
    .scope S_0x12660a490;
T_0 ;
Ewait_0 .event/or E_0x126607d40, E_0x0;
    %wait Ewait_0;
    %load/vec4 v0x12660a600_0;
    %store/vec4 v0x126622b00_0, 0, 11;
    %load/vec4 v0x126622d50_0;
    %store/vec4 v0x126622bc0_0, 0, 10;
    %load/vec4 v0x126622a50_0;
    %dup/vec4;
    %pushi/vec4 0, 0, 2;
    %cmp/u;
    %jmp/1 T_0.0, 6;
    %dup/vec4;
    %pushi/vec4 1, 0, 2;
    %cmp/u;
    %jmp/1 T_0.1, 6;
    %dup/vec4;
    %pushi/vec4 2, 0, 2;
    %cmp/u;
    %jmp/1 T_0.2, 6;
    %dup/vec4;
    %pushi/vec4 3, 0, 2;
    %cmp/u;
    %jmp/1 T_0.3, 6;
    %jmp T_0.4;
T_0.0 ;
    %jmp T_0.4;
T_0.1 ;
    %jmp T_0.4;
T_0.2 ;
    %load/vec4 v0x12660a600_0;
    %ix/load 4, 2, 0;
    %flag_set/imm 4, 0;
    %shiftr 4;
    %store/vec4 v0x126622b00_0, 0, 11;
    %load/vec4 v0x126622d50_0;
    %ix/load 4, 1, 0;
    %flag_set/imm 4, 0;
    %shiftr 4;
    %store/vec4 v0x126622bc0_0, 0, 10;
    %jmp T_0.4;
T_0.3 ;
    %load/vec4 v0x12660a600_0;
    %ix/load 4, 1, 0;
    %flag_set/imm 4, 0;
    %shiftr 4;
    %store/vec4 v0x126622b00_0, 0, 11;
    %load/vec4 v0x126622d50_0;
    %ix/load 4, 1, 0;
    %flag_set/imm 4, 0;
    %shiftr 4;
    %store/vec4 v0x126622bc0_0, 0, 10;
    %jmp T_0.4;
T_0.4 ;
    %pop/vec4 1;
    %load/vec4 v0x126622b00_0;
    %pad/u 32;
    %cmpi/u 240, 0, 32;
    %flag_get/vec4 5;
    %jmp/0 T_0.5, 5;
    %load/vec4 v0x126622bc0_0;
    %pad/u 32;
    %cmpi/u 320, 0, 32;
    %flag_get/vec4 5;
    %and;
T_0.5;
    %store/vec4 v0x126622c70_0, 0, 1;
    %jmp T_0;
    .thread T_0, $push;
    .scope S_0x1266063c0;
T_1 ;
    %delay 5000, 0;
    %load/vec4 v0x126622e90_0;
    %nor/r;
    %store/vec4 v0x126622e90_0, 0, 1;
    %jmp T_1;
    .thread T_1;
    .scope S_0x1266063c0;
T_2 ;
    %vpi_call/w 3 31 "$dumpfile", "scale.vcd" {0 0 0};
    %vpi_call/w 3 32 "$dumpvars", 32'sb00000000000000000000000000000000, S_0x1266063c0 {0 0 0};
    %vpi_call/w 3 33 "$display", "Starting Simulation" {0 0 0};
    %pushi/vec4 0, 0, 1;
    %store/vec4 v0x126622e90_0, 0, 1;
    %pushi/vec4 0, 0, 1;
    %store/vec4 v0x126622fc0_0, 0, 1;
    %pushi/vec4 0, 0, 11;
    %store/vec4 v0x126622f20_0, 0, 11;
    %pushi/vec4 0, 0, 10;
    %store/vec4 v0x126623350_0, 0, 10;
    %pushi/vec4 0, 0, 2;
    %store/vec4 v0x126623070_0, 0, 2;
    %delay 10000, 0;
    %pushi/vec4 1, 0, 1;
    %store/vec4 v0x126622fc0_0, 0, 1;
    %delay 10000, 0;
    %pushi/vec4 0, 0, 1;
    %store/vec4 v0x126622fc0_0, 0, 1;
    %delay 10000, 0;
    %pushi/vec4 0, 0, 2;
    %store/vec4 v0x126623070_0, 0, 2;
    %pushi/vec4 0, 0, 11;
    %store/vec4 v0x126622f20_0, 0, 11;
T_2.0 ;
    %load/vec4 v0x126622f20_0;
    %pad/u 32;
    %cmpi/u 240, 0, 32;
    %jmp/0xz T_2.1, 5;
    %pushi/vec4 0, 0, 10;
    %store/vec4 v0x126623350_0, 0, 10;
T_2.2 ;
    %load/vec4 v0x126623350_0;
    %pad/u 32;
    %cmpi/u 320, 0, 32;
    %jmp/0xz T_2.3, 5;
    %delay 1000, 0;
    %load/vec4 v0x126623350_0;
    %addi 1, 0, 10;
    %store/vec4 v0x126623350_0, 0, 10;
    %jmp T_2.2;
T_2.3 ;
    %load/vec4 v0x126622f20_0;
    %addi 1, 0, 11;
    %store/vec4 v0x126622f20_0, 0, 11;
    %jmp T_2.0;
T_2.1 ;
    %delay 10000, 0;
    %vpi_call/w 3 51 "$display", "Finishing Simulation" {0 0 0};
    %vpi_call/w 3 52 "$finish" {0 0 0};
    %end;
    .thread T_2;
# The file index is used to find the file name in the following table.
:file_names 5;
    "N/A";
    "<interactive>";
    "-";
    "sim/scale_tb.sv";
    "hdl/scale.sv";
