Copyright 1986-2022 Xilinx, Inc. All Rights Reserved. Copyright 2022-2023 Advanced Micro Devices, Inc. All Rights Reserved.
---------------------------------------------------------------------------------------------------------------------------------------------
| Tool Version : Vivado v.2023.1 (lin64) Build 3865809 Sun May  7 15:04:56 MDT 2023
| Date         : Mon Oct 16 03:06:16 2023
| Host         : worker running 64-bit Ubuntu 20.04.6 LTS
| Command      : report_timing -file obj/post_synth_timing.rpt
| Design       : top_level
| Device       : 7s50-csga324
| Speed File   : -1  PRODUCTION 1.23 2018-06-13
| Design State : Synthesized
---------------------------------------------------------------------------------------------------------------------------------------------

Timing Report

Slack (MET) :             2.265ns  (required time - arrival time)
  Source:                 img_red_pipe_reg[2][7]/C
                            (rising edge-triggered cell FDRE clocked by clk_pixel_clk_wiz_0  {rise@0.000ns fall@6.734ns period=13.468ns})
  Destination:            tmds_red/disparity_reg[4]/D
                            (rising edge-triggered cell FDRE clocked by clk_pixel_clk_wiz_0  {rise@0.000ns fall@6.734ns period=13.468ns})
  Path Group:             clk_pixel_clk_wiz_0
  Path Type:              Setup (Max at Slow Process Corner)
  Requirement:            13.468ns  (clk_pixel_clk_wiz_0 rise@13.468ns - clk_pixel_clk_wiz_0 rise@0.000ns)
  Data Path Delay:        10.919ns  (logic 1.893ns (17.337%)  route 9.026ns (82.663%))
  Logic Levels:           10  (LUT3=1 LUT4=1 LUT6=8)
  Clock Path Skew:        -0.145ns (DCD - SCD + CPR)
    Destination Clock Delay (DCD):    -2.063ns = ( 11.405 - 13.468 ) 
    Source Clock Delay      (SCD):    -1.388ns
    Clock Pessimism Removal (CPR):    0.530ns
  Clock Uncertainty:      0.168ns  ((TSJ^2 + DJ^2)^1/2) / 2 + PE
    Total System Jitter     (TSJ):    0.071ns
    Discrete Jitter          (DJ):    0.329ns
    Phase Error              (PE):    0.000ns

    Location             Delay type                Incr(ns)  Path(ns)    Netlist Resource(s)
  -------------------------------------------------------------------    -------------------
                         (clock clk_pixel_clk_wiz_0 rise edge)
                                                      0.000     0.000 r  
    N15                                               0.000     0.000 r  clk_100mhz (IN)
                         net (fo=0)                   0.000     0.000    mhdmicw/clk_100mhz
    N15                  IBUF (Prop_ibuf_I_O)         1.440     1.440 r  mhdmicw/clkin1_ibufg/O
                         net (fo=1, unplaced)         0.584     2.024    mhdmicw/clk_ref_clk_wiz_0
                         MMCME2_ADV (Prop_mmcme2_adv_CLKIN1_CLKOUT0)
                                                     -5.108    -3.083 r  mhdmicw/mmcm_adv_inst/CLKOUT0
                         net (fo=1, unplaced)         0.800    -2.284    mhdmicw/clk_pixel_clk_wiz_0
                         BUFG (Prop_bufg_I_O)         0.096    -2.188 r  mhdmicw/clkout1_buf/O
                         net (fo=1063, unplaced)      0.800    -1.388    clk_pixel
                         FDRE                                         r  img_red_pipe_reg[2][7]/C
  -------------------------------------------------------------------    -------------------
                         FDRE (Prop_fdre_C_Q)         0.456    -0.932 f  img_red_pipe_reg[2][7]/Q
                         net (fo=3, unplaced)         0.759    -0.173    tmds_blue/tmds_out[4]_i_8_2[2]
                         LUT4 (Prop_lut4_I1_O)        0.295     0.122 r  tmds_blue/tmds_out[4]_i_12/O
                         net (fo=1, unplaced)         1.111     1.233    tmds_blue/tmds_out[4]_i_12_n_0
                         LUT6 (Prop_lut6_I1_O)        0.124     1.357 r  tmds_blue/tmds_out[4]_i_8/O
                         net (fo=20, unplaced)        0.509     1.866    nolabel_line384/tmds_out_reg[4]
                         LUT6 (Prop_lut6_I4_O)        0.124     1.990 r  nolabel_line384/tmds_out[4]_i_5/O
                         net (fo=6, unplaced)         0.934     2.924    nolabel_line384/tmds_out[4]_i_5_n_0
                         LUT3 (Prop_lut3_I0_O)        0.150     3.074 f  nolabel_line384/tmds_out[9]_i_10/O
                         net (fo=5, unplaced)         1.139     4.213    nolabel_line384/tmds_out[9]_i_10_n_0
                         LUT6 (Prop_lut6_I0_O)        0.124     4.337 r  nolabel_line384/disparity[1]_i_9/O
                         net (fo=3, unplaced)         0.920     5.257    nolabel_line384/disparity[1]_i_9_n_0
                         LUT6 (Prop_lut6_I2_O)        0.124     5.381 r  nolabel_line384/disparity[1]_i_6/O
                         net (fo=7, unplaced)         0.937     6.318    nolabel_line384/disparity[1]_i_6_n_0
                         LUT6 (Prop_lut6_I1_O)        0.124     6.442 r  nolabel_line384/disparity[2]_i_6/O
                         net (fo=5, unplaced)         0.930     7.372    nolabel_line384/disparity[2]_i_6_n_0
                         LUT6 (Prop_lut6_I0_O)        0.124     7.496 r  nolabel_line384/disparity[4]_i_19/O
                         net (fo=2, unplaced)         1.122     8.618    tmds_red/disparity_reg[4]_8
                         LUT6 (Prop_lut6_I1_O)        0.124     8.742 r  tmds_red/disparity[4]_i_6/O
                         net (fo=1, unplaced)         0.665     9.407    tmds_red/disparity[4]_i_6_n_0
                         LUT6 (Prop_lut6_I2_O)        0.124     9.531 r  tmds_red/disparity[4]_i_3/O
                         net (fo=1, unplaced)         0.000     9.531    tmds_red/disparity[4]_i_3_n_0
                         FDRE                                         r  tmds_red/disparity_reg[4]/D
  -------------------------------------------------------------------    -------------------

                         (clock clk_pixel_clk_wiz_0 rise edge)
                                                     13.468    13.468 r  
    N15                                               0.000    13.468 r  clk_100mhz (IN)
                         net (fo=0)                   0.000    13.468    mhdmicw/clk_100mhz
    N15                  IBUF (Prop_ibuf_I_O)         1.370    14.838 r  mhdmicw/clkin1_ibufg/O
                         net (fo=1, unplaced)         0.439    15.277    mhdmicw/clk_ref_clk_wiz_0
                         MMCME2_ADV (Prop_mmcme2_adv_CLKIN1_CLKOUT0)
                                                     -5.378     9.899 r  mhdmicw/mmcm_adv_inst/CLKOUT0
                         net (fo=1, unplaced)         0.760    10.659    mhdmicw/clk_pixel_clk_wiz_0
                         BUFG (Prop_bufg_I_O)         0.091    10.750 r  mhdmicw/clkout1_buf/O
                         net (fo=1063, unplaced)      0.655    11.405    tmds_red/clk_pixel
                         FDRE                                         r  tmds_red/disparity_reg[4]/C
                         clock pessimism              0.530    11.935    
                         clock uncertainty           -0.168    11.767    
                         FDRE (Setup_fdre_C_D)        0.029    11.796    tmds_red/disparity_reg[4]
  -------------------------------------------------------------------
                         required time                         11.796    
                         arrival time                          -9.531    
  -------------------------------------------------------------------
                         slack                                  2.265    




